{"/Users/ryota.murakami/laststance/npm-publish-tool/lib/display.mjs": {"path":"/Users/ryota.murakami/laststance/npm-publish-tool/lib/display.mjs","all":false,"statementMap":{"0":{"start":{"line":1,"column":0},"end":{"line":1,"column":25}},"2":{"start":{"line":3,"column":0},"end":{"line":3,"column":3}},"3":{"start":{"line":4,"column":0},"end":{"line":4,"column":45}},"4":{"start":{"line":5,"column":0},"end":{"line":5,"column":3}},"6":{"start":{"line":7,"column":0},"end":{"line":7,"column":37}},"7":{"start":{"line":8,"column":0},"end":{"line":8,"column":42}},"8":{"start":{"line":9,"column":0},"end":{"line":9,"column":1}},"10":{"start":{"line":11,"column":0},"end":{"line":11,"column":35}},"11":{"start":{"line":12,"column":0},"end":{"line":12,"column":40}},"12":{"start":{"line":13,"column":0},"end":{"line":13,"column":1}},"14":{"start":{"line":15,"column":0},"end":{"line":15,"column":37}},"15":{"start":{"line":16,"column":0},"end":{"line":16,"column":45}},"16":{"start":{"line":17,"column":0},"end":{"line":17,"column":1}},"18":{"start":{"line":19,"column":0},"end":{"line":19,"column":34}},"19":{"start":{"line":20,"column":0},"end":{"line":20,"column":43}},"20":{"start":{"line":21,"column":0},"end":{"line":21,"column":1}},"22":{"start":{"line":23,"column":0},"end":{"line":23,"column":40}},"23":{"start":{"line":24,"column":0},"end":{"line":24,"column":69}},"24":{"start":{"line":25,"column":0},"end":{"line":25,"column":1}},"26":{"start":{"line":27,"column":0},"end":{"line":27,"column":34}},"27":{"start":{"line":28,"column":0},"end":{"line":28,"column":55}},"28":{"start":{"line":29,"column":0},"end":{"line":29,"column":55}},"29":{"start":{"line":30,"column":0},"end":{"line":30,"column":1}},"31":{"start":{"line":32,"column":0},"end":{"line":32,"column":32}},"32":{"start":{"line":33,"column":0},"end":{"line":33,"column":41}},"33":{"start":{"line":34,"column":0},"end":{"line":34,"column":1}},"35":{"start":{"line":36,"column":0},"end":{"line":36,"column":33}},"36":{"start":{"line":37,"column":0},"end":{"line":37,"column":74}},"37":{"start":{"line":38,"column":0},"end":{"line":38,"column":14}},"38":{"start":{"line":39,"column":0},"end":{"line":39,"column":16}},"39":{"start":{"line":40,"column":0},"end":{"line":40,"column":75}},"40":{"start":{"line":41,"column":0},"end":{"line":41,"column":6}},"41":{"start":{"line":42,"column":0},"end":{"line":42,"column":3}},"42":{"start":{"line":43,"column":0},"end":{"line":43,"column":49}},"43":{"start":{"line":44,"column":0},"end":{"line":44,"column":14}},"44":{"start":{"line":45,"column":0},"end":{"line":45,"column":16}},"45":{"start":{"line":46,"column":0},"end":{"line":46,"column":78}},"46":{"start":{"line":47,"column":0},"end":{"line":47,"column":6}},"47":{"start":{"line":48,"column":0},"end":{"line":48,"column":3}},"48":{"start":{"line":49,"column":0},"end":{"line":49,"column":65}},"49":{"start":{"line":50,"column":0},"end":{"line":50,"column":65}},"50":{"start":{"line":51,"column":0},"end":{"line":51,"column":14}},"51":{"start":{"line":52,"column":0},"end":{"line":52,"column":16}},"52":{"start":{"line":53,"column":0},"end":{"line":53,"column":102}},"53":{"start":{"line":54,"column":0},"end":{"line":54,"column":6}},"54":{"start":{"line":55,"column":0},"end":{"line":55,"column":3}},"55":{"start":{"line":56,"column":0},"end":{"line":56,"column":1}},"57":{"start":{"line":58,"column":0},"end":{"line":58,"column":43}},"58":{"start":{"line":59,"column":0},"end":{"line":59,"column":14}},"59":{"start":{"line":60,"column":0},"end":{"line":60,"column":49}},"60":{"start":{"line":61,"column":0},"end":{"line":61,"column":56}},"61":{"start":{"line":62,"column":0},"end":{"line":62,"column":3}},"62":{"start":{"line":63,"column":0},"end":{"line":63,"column":1}},"64":{"start":{"line":65,"column":0},"end":{"line":65,"column":51}},"65":{"start":{"line":66,"column":0},"end":{"line":66,"column":71}},"66":{"start":{"line":67,"column":0},"end":{"line":67,"column":1}},"68":{"start":{"line":69,"column":0},"end":{"line":69,"column":42}},"69":{"start":{"line":70,"column":0},"end":{"line":70,"column":17}},"71":{"start":{"line":72,"column":0},"end":{"line":72,"column":10}},"72":{"start":{"line":73,"column":0},"end":{"line":73,"column":22}},"73":{"start":{"line":74,"column":0},"end":{"line":74,"column":15}},"74":{"start":{"line":75,"column":0},"end":{"line":75,"column":6}},"75":{"start":{"line":76,"column":0},"end":{"line":76,"column":24}},"76":{"start":{"line":77,"column":0},"end":{"line":77,"column":46}},"77":{"start":{"line":78,"column":0},"end":{"line":78,"column":7}},"78":{"start":{"line":79,"column":0},"end":{"line":79,"column":6}},"79":{"start":{"line":80,"column":0},"end":{"line":80,"column":60}},"80":{"start":{"line":81,"column":0},"end":{"line":81,"column":47}},"81":{"start":{"line":82,"column":0},"end":{"line":82,"column":31}},"83":{"start":{"line":84,"column":0},"end":{"line":84,"column":56}},"84":{"start":{"line":85,"column":0},"end":{"line":85,"column":27}},"85":{"start":{"line":86,"column":0},"end":{"line":86,"column":76}},"86":{"start":{"line":87,"column":0},"end":{"line":87,"column":7}},"88":{"start":{"line":89,"column":0},"end":{"line":89,"column":30}},"89":{"start":{"line":90,"column":0},"end":{"line":90,"column":47}},"90":{"start":{"line":91,"column":0},"end":{"line":91,"column":7}},"91":{"start":{"line":92,"column":0},"end":{"line":92,"column":6}},"93":{"start":{"line":94,"column":0},"end":{"line":94,"column":21}},"94":{"start":{"line":95,"column":0},"end":{"line":95,"column":21}},"95":{"start":{"line":96,"column":0},"end":{"line":96,"column":32}},"96":{"start":{"line":97,"column":0},"end":{"line":97,"column":76}},"97":{"start":{"line":98,"column":0},"end":{"line":98,"column":6}},"98":{"start":{"line":99,"column":0},"end":{"line":99,"column":3}},"99":{"start":{"line":100,"column":0},"end":{"line":100,"column":1}}},"s":{"0":1,"2":1,"3":1,"4":1,"6":1,"7":3,"8":3,"10":1,"11":2,"12":2,"14":1,"15":2,"16":2,"18":1,"19":2,"20":2,"22":1,"23":3,"24":3,"26":1,"27":3,"28":3,"29":3,"31":1,"32":4,"33":4,"35":1,"36":1,"37":1,"38":1,"39":1,"40":1,"41":1,"42":1,"43":1,"44":1,"45":1,"46":1,"47":1,"48":1,"49":1,"50":1,"51":1,"52":1,"53":1,"54":1,"55":1,"57":1,"58":3,"59":3,"60":3,"61":3,"62":3,"64":1,"65":3,"66":3,"68":1,"69":7,"71":7,"72":7,"73":7,"74":7,"75":7,"76":1,"77":1,"78":6,"79":6,"80":6,"81":6,"83":6,"84":6,"85":6,"86":6,"88":7,"89":2,"90":2,"91":7,"93":7,"94":1,"95":1,"96":1,"97":7,"98":7,"99":7},"branchMap":{"0":{"type":"branch","line":7,"loc":{"start":{"line":7,"column":7},"end":{"line":9,"column":1}},"locations":[{"start":{"line":7,"column":7},"end":{"line":9,"column":1}}]},"1":{"type":"branch","line":11,"loc":{"start":{"line":11,"column":7},"end":{"line":13,"column":1}},"locations":[{"start":{"line":11,"column":7},"end":{"line":13,"column":1}}]},"2":{"type":"branch","line":15,"loc":{"start":{"line":15,"column":7},"end":{"line":17,"column":1}},"locations":[{"start":{"line":15,"column":7},"end":{"line":17,"column":1}}]},"3":{"type":"branch","line":19,"loc":{"start":{"line":19,"column":7},"end":{"line":21,"column":1}},"locations":[{"start":{"line":19,"column":7},"end":{"line":21,"column":1}}]},"4":{"type":"branch","line":23,"loc":{"start":{"line":23,"column":7},"end":{"line":25,"column":1}},"locations":[{"start":{"line":23,"column":7},"end":{"line":25,"column":1}}]},"5":{"type":"branch","line":27,"loc":{"start":{"line":27,"column":7},"end":{"line":30,"column":1}},"locations":[{"start":{"line":27,"column":7},"end":{"line":30,"column":1}}]},"6":{"type":"branch","line":32,"loc":{"start":{"line":32,"column":7},"end":{"line":34,"column":1}},"locations":[{"start":{"line":32,"column":7},"end":{"line":34,"column":1}}]},"7":{"type":"branch","line":36,"loc":{"start":{"line":36,"column":7},"end":{"line":56,"column":1}},"locations":[{"start":{"line":36,"column":7},"end":{"line":56,"column":1}}]},"8":{"type":"branch","line":58,"loc":{"start":{"line":58,"column":7},"end":{"line":63,"column":1}},"locations":[{"start":{"line":58,"column":7},"end":{"line":63,"column":1}}]},"9":{"type":"branch","line":65,"loc":{"start":{"line":65,"column":7},"end":{"line":67,"column":1}},"locations":[{"start":{"line":65,"column":7},"end":{"line":67,"column":1}}]},"10":{"type":"branch","line":69,"loc":{"start":{"line":69,"column":7},"end":{"line":100,"column":1}},"locations":[{"start":{"line":69,"column":7},"end":{"line":100,"column":1}}]},"11":{"type":"branch","line":73,"loc":{"start":{"line":73,"column":15},"end":{"line":92,"column":5}},"locations":[{"start":{"line":73,"column":15},"end":{"line":92,"column":5}}]},"12":{"type":"branch","line":76,"loc":{"start":{"line":76,"column":23},"end":{"line":78,"column":7}},"locations":[{"start":{"line":76,"column":23},"end":{"line":78,"column":7}}]},"13":{"type":"branch","line":78,"loc":{"start":{"line":78,"column":6},"end":{"line":89,"column":29}},"locations":[{"start":{"line":78,"column":6},"end":{"line":89,"column":29}}]},"14":{"type":"branch","line":89,"loc":{"start":{"line":89,"column":29},"end":{"line":91,"column":7}},"locations":[{"start":{"line":89,"column":29},"end":{"line":91,"column":7}}]},"15":{"type":"branch","line":94,"loc":{"start":{"line":94,"column":14},"end":{"line":98,"column":5}},"locations":[{"start":{"line":94,"column":14},"end":{"line":98,"column":5}}]}},"b":{"0":[3],"1":[2],"2":[2],"3":[2],"4":[3],"5":[3],"6":[4],"7":[1],"8":[3],"9":[3],"10":[7],"11":[7],"12":[1],"13":[6],"14":[2],"15":[1]},"fnMap":{"0":{"name":"logSuccess","decl":{"start":{"line":7,"column":7},"end":{"line":9,"column":1}},"loc":{"start":{"line":7,"column":7},"end":{"line":9,"column":1}},"line":7},"1":{"name":"logError","decl":{"start":{"line":11,"column":7},"end":{"line":13,"column":1}},"loc":{"start":{"line":11,"column":7},"end":{"line":13,"column":1}},"line":11},"2":{"name":"logWarning","decl":{"start":{"line":15,"column":7},"end":{"line":17,"column":1}},"loc":{"start":{"line":15,"column":7},"end":{"line":17,"column":1}},"line":15},"3":{"name":"logInfo","decl":{"start":{"line":19,"column":7},"end":{"line":21,"column":1}},"loc":{"start":{"line":19,"column":7},"end":{"line":21,"column":1}},"line":19},"4":{"name":"logStep","decl":{"start":{"line":23,"column":7},"end":{"line":25,"column":1}},"loc":{"start":{"line":23,"column":7},"end":{"line":25,"column":1}},"line":23},"5":{"name":"logHeader","decl":{"start":{"line":27,"column":7},"end":{"line":30,"column":1}},"loc":{"start":{"line":27,"column":7},"end":{"line":30,"column":1}},"line":27},"6":{"name":"logSeparator","decl":{"start":{"line":32,"column":7},"end":{"line":34,"column":1}},"loc":{"start":{"line":32,"column":7},"end":{"line":34,"column":1}},"line":32},"7":{"name":"logCompletion","decl":{"start":{"line":36,"column":7},"end":{"line":56,"column":1}},"loc":{"start":{"line":36,"column":7},"end":{"line":56,"column":1}},"line":36},"8":{"name":"logPackageManager","decl":{"start":{"line":58,"column":7},"end":{"line":63,"column":1}},"loc":{"start":{"line":58,"column":7},"end":{"line":63,"column":1}},"line":58},"9":{"name":"logFileOperation","decl":{"start":{"line":65,"column":7},"end":{"line":67,"column":1}},"loc":{"start":{"line":65,"column":7},"end":{"line":67,"column":1}},"line":65},"10":{"name":"createProgressBar","decl":{"start":{"line":69,"column":7},"end":{"line":100,"column":1}},"loc":{"start":{"line":69,"column":7},"end":{"line":100,"column":1}},"line":69},"11":{"name":"increment","decl":{"start":{"line":73,"column":15},"end":{"line":92,"column":5}},"loc":{"start":{"line":73,"column":15},"end":{"line":92,"column":5}},"line":73},"12":{"name":"complete","decl":{"start":{"line":94,"column":14},"end":{"line":98,"column":5}},"loc":{"start":{"line":94,"column":14},"end":{"line":98,"column":5}},"line":94}},"f":{"0":3,"1":2,"2":2,"3":2,"4":3,"5":3,"6":4,"7":1,"8":3,"9":3,"10":7,"11":7,"12":1}}
,"/Users/ryota.murakami/laststance/npm-publish-tool/lib/fileOperations.mjs": {"path":"/Users/ryota.murakami/laststance/npm-publish-tool/lib/fileOperations.mjs","all":false,"statementMap":{"0":{"start":{"line":1,"column":0},"end":{"line":1,"column":19}},"1":{"start":{"line":2,"column":0},"end":{"line":2,"column":23}},"2":{"start":{"line":3,"column":0},"end":{"line":3,"column":35}},"4":{"start":{"line":5,"column":0},"end":{"line":5,"column":49}},"5":{"start":{"line":6,"column":0},"end":{"line":6,"column":42}},"7":{"start":{"line":8,"column":0},"end":{"line":8,"column":3}},"8":{"start":{"line":9,"column":0},"end":{"line":9,"column":47}},"9":{"start":{"line":10,"column":0},"end":{"line":10,"column":59}},"10":{"start":{"line":11,"column":0},"end":{"line":11,"column":58}},"11":{"start":{"line":12,"column":0},"end":{"line":12,"column":50}},"12":{"start":{"line":13,"column":0},"end":{"line":13,"column":3}},"13":{"start":{"line":14,"column":0},"end":{"line":14,"column":29}},"14":{"start":{"line":15,"column":0},"end":{"line":15,"column":15}},"15":{"start":{"line":16,"column":0},"end":{"line":16,"column":13}},"16":{"start":{"line":17,"column":0},"end":{"line":17,"column":30}},"17":{"start":{"line":18,"column":0},"end":{"line":18,"column":3}},"18":{"start":{"line":19,"column":0},"end":{"line":19,"column":76}},"19":{"start":{"line":20,"column":0},"end":{"line":20,"column":59}},"21":{"start":{"line":22,"column":0},"end":{"line":22,"column":7}},"22":{"start":{"line":23,"column":0},"end":{"line":23,"column":37}},"23":{"start":{"line":24,"column":0},"end":{"line":24,"column":50}},"24":{"start":{"line":25,"column":0},"end":{"line":25,"column":48}},"26":{"start":{"line":27,"column":0},"end":{"line":27,"column":16}},"27":{"start":{"line":28,"column":0},"end":{"line":28,"column":49}},"28":{"start":{"line":29,"column":0},"end":{"line":29,"column":15}},"29":{"start":{"line":30,"column":0},"end":{"line":30,"column":19}},"30":{"start":{"line":31,"column":0},"end":{"line":31,"column":69}},"31":{"start":{"line":32,"column":0},"end":{"line":32,"column":16}},"32":{"start":{"line":33,"column":0},"end":{"line":33,"column":3}},"33":{"start":{"line":34,"column":0},"end":{"line":34,"column":1}},"35":{"start":{"line":36,"column":0},"end":{"line":36,"column":3}},"36":{"start":{"line":37,"column":0},"end":{"line":37,"column":46}},"37":{"start":{"line":38,"column":0},"end":{"line":38,"column":50}},"38":{"start":{"line":39,"column":0},"end":{"line":39,"column":49}},"39":{"start":{"line":40,"column":0},"end":{"line":40,"column":50}},"40":{"start":{"line":41,"column":0},"end":{"line":41,"column":3}},"41":{"start":{"line":42,"column":0},"end":{"line":42,"column":33}},"42":{"start":{"line":43,"column":0},"end":{"line":43,"column":13}},"43":{"start":{"line":44,"column":0},"end":{"line":44,"column":16}},"44":{"start":{"line":45,"column":0},"end":{"line":45,"column":30}},"45":{"start":{"line":46,"column":0},"end":{"line":46,"column":3}},"46":{"start":{"line":47,"column":0},"end":{"line":47,"column":64}},"48":{"start":{"line":49,"column":0},"end":{"line":49,"column":7}},"49":{"start":{"line":50,"column":0},"end":{"line":50,"column":42}},"50":{"start":{"line":51,"column":0},"end":{"line":51,"column":68}},"51":{"start":{"line":52,"column":0},"end":{"line":52,"column":18}},"52":{"start":{"line":53,"column":0},"end":{"line":53,"column":5}},"54":{"start":{"line":55,"column":0},"end":{"line":55,"column":76}},"56":{"start":{"line":57,"column":0},"end":{"line":57,"column":52}},"57":{"start":{"line":58,"column":0},"end":{"line":58,"column":31}},"58":{"start":{"line":59,"column":0},"end":{"line":59,"column":30}},"59":{"start":{"line":60,"column":0},"end":{"line":60,"column":5}},"61":{"start":{"line":62,"column":0},"end":{"line":62,"column":21}},"62":{"start":{"line":63,"column":0},"end":{"line":63,"column":51}},"64":{"start":{"line":65,"column":0},"end":{"line":65,"column":48}},"65":{"start":{"line":66,"column":0},"end":{"line":66,"column":21}},"66":{"start":{"line":67,"column":0},"end":{"line":67,"column":22}},"67":{"start":{"line":68,"column":0},"end":{"line":68,"column":50}},"68":{"start":{"line":69,"column":0},"end":{"line":69,"column":5}},"70":{"start":{"line":71,"column":0},"end":{"line":71,"column":15}},"71":{"start":{"line":72,"column":0},"end":{"line":72,"column":19}},"72":{"start":{"line":73,"column":0},"end":{"line":73,"column":75}},"73":{"start":{"line":74,"column":0},"end":{"line":74,"column":16}},"74":{"start":{"line":75,"column":0},"end":{"line":75,"column":3}},"75":{"start":{"line":76,"column":0},"end":{"line":76,"column":1}},"77":{"start":{"line":78,"column":0},"end":{"line":78,"column":3}},"78":{"start":{"line":79,"column":0},"end":{"line":79,"column":71}},"79":{"start":{"line":80,"column":0},"end":{"line":80,"column":50}},"80":{"start":{"line":81,"column":0},"end":{"line":81,"column":3}},"81":{"start":{"line":82,"column":0},"end":{"line":82,"column":69}},"82":{"start":{"line":83,"column":0},"end":{"line":83,"column":54}},"84":{"start":{"line":85,"column":0},"end":{"line":85,"column":7}},"85":{"start":{"line":86,"column":0},"end":{"line":86,"column":51}},"86":{"start":{"line":87,"column":0},"end":{"line":87,"column":37}},"87":{"start":{"line":88,"column":0},"end":{"line":88,"column":51}},"88":{"start":{"line":89,"column":0},"end":{"line":89,"column":5}},"90":{"start":{"line":91,"column":0},"end":{"line":91,"column":39}},"91":{"start":{"line":92,"column":0},"end":{"line":92,"column":33}},"92":{"start":{"line":93,"column":0},"end":{"line":93,"column":29}},"93":{"start":{"line":94,"column":0},"end":{"line":94,"column":37}},"94":{"start":{"line":95,"column":0},"end":{"line":95,"column":18}},"95":{"start":{"line":96,"column":0},"end":{"line":96,"column":5}},"97":{"start":{"line":98,"column":0},"end":{"line":98,"column":18}},"98":{"start":{"line":99,"column":0},"end":{"line":99,"column":35}},"99":{"start":{"line":100,"column":0},"end":{"line":100,"column":70}},"100":{"start":{"line":101,"column":0},"end":{"line":101,"column":37}},"101":{"start":{"line":102,"column":0},"end":{"line":102,"column":5}},"103":{"start":{"line":104,"column":0},"end":{"line":104,"column":18}},"104":{"start":{"line":105,"column":0},"end":{"line":105,"column":19}},"105":{"start":{"line":106,"column":0},"end":{"line":106,"column":73}},"106":{"start":{"line":107,"column":0},"end":{"line":107,"column":16}},"107":{"start":{"line":108,"column":0},"end":{"line":108,"column":3}},"108":{"start":{"line":109,"column":0},"end":{"line":109,"column":1}},"110":{"start":{"line":111,"column":0},"end":{"line":111,"column":3}},"111":{"start":{"line":112,"column":0},"end":{"line":112,"column":41}},"112":{"start":{"line":113,"column":0},"end":{"line":113,"column":55}},"113":{"start":{"line":114,"column":0},"end":{"line":114,"column":50}},"114":{"start":{"line":115,"column":0},"end":{"line":115,"column":47}},"115":{"start":{"line":116,"column":0},"end":{"line":116,"column":3}},"116":{"start":{"line":117,"column":0},"end":{"line":117,"column":67}},"117":{"start":{"line":118,"column":0},"end":{"line":118,"column":56}},"118":{"start":{"line":119,"column":0},"end":{"line":119,"column":1}},"120":{"start":{"line":121,"column":0},"end":{"line":121,"column":3}},"121":{"start":{"line":122,"column":0},"end":{"line":122,"column":29}},"122":{"start":{"line":123,"column":0},"end":{"line":123,"column":43}},"123":{"start":{"line":124,"column":0},"end":{"line":124,"column":50}},"124":{"start":{"line":125,"column":0},"end":{"line":125,"column":3}},"125":{"start":{"line":126,"column":0},"end":{"line":126,"column":71}},"126":{"start":{"line":127,"column":0},"end":{"line":127,"column":50}},"127":{"start":{"line":128,"column":0},"end":{"line":128,"column":7}},"128":{"start":{"line":129,"column":0},"end":{"line":129,"column":47}},"129":{"start":{"line":130,"column":0},"end":{"line":130,"column":15}},"130":{"start":{"line":131,"column":0},"end":{"line":131,"column":19}},"131":{"start":{"line":132,"column":0},"end":{"line":132,"column":76}},"132":{"start":{"line":133,"column":0},"end":{"line":133,"column":16}},"133":{"start":{"line":134,"column":0},"end":{"line":134,"column":3}},"134":{"start":{"line":135,"column":0},"end":{"line":135,"column":1}}},"s":{"0":1,"1":1,"2":1,"4":1,"5":1,"7":1,"8":1,"9":1,"10":1,"11":1,"12":1,"13":1,"14":10,"15":10,"16":10,"17":10,"18":10,"19":10,"21":10,"22":10,"23":10,"24":10,"26":10,"27":10,"28":10,"29":10,"30":3,"31":3,"32":3,"33":10,"35":1,"36":1,"37":1,"38":1,"39":1,"40":1,"41":1,"42":7,"43":7,"44":7,"45":7,"46":7,"48":7,"49":7,"50":1,"51":1,"52":1,"54":6,"56":6,"57":7,"58":1,"59":1,"61":5,"62":5,"64":5,"65":5,"66":5,"67":5,"68":5,"70":5,"71":7,"72":2,"73":2,"74":2,"75":7,"77":1,"78":1,"79":1,"80":1,"81":1,"82":6,"84":6,"85":6,"86":6,"87":5,"88":5,"90":5,"91":5,"92":5,"93":5,"94":5,"95":5,"97":6,"98":4,"99":4,"100":4,"101":4,"103":5,"104":6,"105":1,"106":1,"107":1,"108":6,"110":1,"111":1,"112":1,"113":1,"114":1,"115":1,"116":1,"117":4,"118":4,"120":1,"121":1,"122":1,"123":1,"124":1,"125":1,"126":5,"127":5,"128":5,"129":5,"130":5,"131":1,"132":1,"133":1,"134":5},"branchMap":{"0":{"type":"branch","line":14,"loc":{"start":{"line":14,"column":7},"end":{"line":34,"column":1}},"locations":[{"start":{"line":14,"column":7},"end":{"line":34,"column":1}}]},"1":{"type":"branch","line":30,"loc":{"start":{"line":30,"column":4},"end":{"line":33,"column":3}},"locations":[{"start":{"line":30,"column":4},"end":{"line":33,"column":3}}]},"2":{"type":"branch","line":42,"loc":{"start":{"line":42,"column":7},"end":{"line":76,"column":1}},"locations":[{"start":{"line":42,"column":7},"end":{"line":76,"column":1}}]},"3":{"type":"branch","line":50,"loc":{"start":{"line":50,"column":41},"end":{"line":53,"column":5}},"locations":[{"start":{"line":50,"column":41},"end":{"line":53,"column":5}}]},"4":{"type":"branch","line":53,"loc":{"start":{"line":53,"column":4},"end":{"line":58,"column":30}},"locations":[{"start":{"line":53,"column":4},"end":{"line":58,"column":30}}]},"5":{"type":"branch","line":58,"loc":{"start":{"line":58,"column":30},"end":{"line":60,"column":5}},"locations":[{"start":{"line":58,"column":30},"end":{"line":60,"column":5}}]},"6":{"type":"branch","line":60,"loc":{"start":{"line":60,"column":4},"end":{"line":72,"column":4}},"locations":[{"start":{"line":60,"column":4},"end":{"line":72,"column":4}}]},"7":{"type":"branch","line":72,"loc":{"start":{"line":72,"column":4},"end":{"line":75,"column":3}},"locations":[{"start":{"line":72,"column":4},"end":{"line":75,"column":3}}]},"8":{"type":"branch","line":82,"loc":{"start":{"line":82,"column":7},"end":{"line":109,"column":1}},"locations":[{"start":{"line":82,"column":7},"end":{"line":109,"column":1}}]},"9":{"type":"branch","line":87,"loc":{"start":{"line":87,"column":36},"end":{"line":98,"column":17}},"locations":[{"start":{"line":87,"column":36},"end":{"line":98,"column":17}}]},"10":{"type":"branch","line":98,"loc":{"start":{"line":98,"column":17},"end":{"line":102,"column":5}},"locations":[{"start":{"line":98,"column":17},"end":{"line":102,"column":5}}]},"11":{"type":"branch","line":102,"loc":{"start":{"line":102,"column":4},"end":{"line":105,"column":4}},"locations":[{"start":{"line":102,"column":4},"end":{"line":105,"column":4}}]},"12":{"type":"branch","line":105,"loc":{"start":{"line":105,"column":4},"end":{"line":108,"column":3}},"locations":[{"start":{"line":105,"column":4},"end":{"line":108,"column":3}}]},"13":{"type":"branch","line":117,"loc":{"start":{"line":117,"column":7},"end":{"line":119,"column":1}},"locations":[{"start":{"line":117,"column":7},"end":{"line":119,"column":1}}]},"14":{"type":"branch","line":126,"loc":{"start":{"line":126,"column":7},"end":{"line":135,"column":1}},"locations":[{"start":{"line":126,"column":7},"end":{"line":135,"column":1}}]},"15":{"type":"branch","line":131,"loc":{"start":{"line":131,"column":4},"end":{"line":134,"column":3}},"locations":[{"start":{"line":131,"column":4},"end":{"line":134,"column":3}}]}},"b":{"0":[10],"1":[3],"2":[7],"3":[1],"4":[6],"5":[1],"6":[5],"7":[2],"8":[6],"9":[5],"10":[4],"11":[5],"12":[1],"13":[4],"14":[5],"15":[1]},"fnMap":{"0":{"name":"copyTemplate","decl":{"start":{"line":14,"column":7},"end":{"line":34,"column":1}},"loc":{"start":{"line":14,"column":7},"end":{"line":34,"column":1}},"line":14},"1":{"name":"addPackageScript","decl":{"start":{"line":42,"column":7},"end":{"line":76,"column":1}},"loc":{"start":{"line":42,"column":7},"end":{"line":76,"column":1}},"line":42},"2":{"name":"createScriptsDirectory","decl":{"start":{"line":82,"column":7},"end":{"line":109,"column":1}},"loc":{"start":{"line":82,"column":7},"end":{"line":109,"column":1}},"line":82},"3":{"name":"fileExists","decl":{"start":{"line":117,"column":7},"end":{"line":119,"column":1}},"loc":{"start":{"line":117,"column":7},"end":{"line":119,"column":1}},"line":117},"4":{"name":"ensureDirectory","decl":{"start":{"line":126,"column":7},"end":{"line":135,"column":1}},"loc":{"start":{"line":126,"column":7},"end":{"line":135,"column":1}},"line":126}},"f":{"0":10,"1":7,"2":6,"3":4,"4":5}}
,"/Users/ryota.murakami/laststance/npm-publish-tool/lib/packageManager.mjs": {"path":"/Users/ryota.murakami/laststance/npm-publish-tool/lib/packageManager.mjs","all":false,"statementMap":{"0":{"start":{"line":1,"column":0},"end":{"line":1,"column":19}},"1":{"start":{"line":2,"column":0},"end":{"line":2,"column":23}},"2":{"start":{"line":3,"column":0},"end":{"line":3,"column":40}},"4":{"start":{"line":5,"column":0},"end":{"line":5,"column":3}},"5":{"start":{"line":6,"column":0},"end":{"line":6,"column":58}},"6":{"start":{"line":7,"column":0},"end":{"line":7,"column":62}},"7":{"start":{"line":8,"column":0},"end":{"line":8,"column":75}},"8":{"start":{"line":9,"column":0},"end":{"line":9,"column":3}},"9":{"start":{"line":10,"column":0},"end":{"line":10,"column":67}},"10":{"start":{"line":11,"column":0},"end":{"line":11,"column":25}},"11":{"start":{"line":12,"column":0},"end":{"line":12,"column":64}},"12":{"start":{"line":13,"column":0},"end":{"line":13,"column":17}},"13":{"start":{"line":14,"column":0},"end":{"line":14,"column":3}},"15":{"start":{"line":16,"column":0},"end":{"line":16,"column":59}},"16":{"start":{"line":17,"column":0},"end":{"line":17,"column":17}},"17":{"start":{"line":18,"column":0},"end":{"line":18,"column":3}},"19":{"start":{"line":20,"column":0},"end":{"line":20,"column":67}},"20":{"start":{"line":21,"column":0},"end":{"line":21,"column":16}},"21":{"start":{"line":22,"column":0},"end":{"line":22,"column":3}},"23":{"start":{"line":24,"column":0},"end":{"line":24,"column":44}},"24":{"start":{"line":25,"column":0},"end":{"line":25,"column":14}},"25":{"start":{"line":26,"column":0},"end":{"line":26,"column":1}},"27":{"start":{"line":28,"column":0},"end":{"line":28,"column":3}},"28":{"start":{"line":29,"column":0},"end":{"line":29,"column":56}},"29":{"start":{"line":30,"column":0},"end":{"line":30,"column":63}},"30":{"start":{"line":31,"column":0},"end":{"line":31,"column":62}},"31":{"start":{"line":32,"column":0},"end":{"line":32,"column":49}},"32":{"start":{"line":33,"column":0},"end":{"line":33,"column":3}},"33":{"start":{"line":34,"column":0},"end":{"line":34,"column":31}},"34":{"start":{"line":35,"column":0},"end":{"line":35,"column":14}},"35":{"start":{"line":36,"column":0},"end":{"line":36,"column":30}},"36":{"start":{"line":37,"column":0},"end":{"line":37,"column":15}},"37":{"start":{"line":38,"column":0},"end":{"line":38,"column":3}},"38":{"start":{"line":39,"column":0},"end":{"line":39,"column":58}},"39":{"start":{"line":40,"column":0},"end":{"line":40,"column":35}},"41":{"start":{"line":42,"column":0},"end":{"line":42,"column":13}},"43":{"start":{"line":44,"column":0},"end":{"line":44,"column":27}},"44":{"start":{"line":45,"column":0},"end":{"line":45,"column":16}},"45":{"start":{"line":46,"column":0},"end":{"line":46,"column":70}},"46":{"start":{"line":47,"column":0},"end":{"line":47,"column":11}},"47":{"start":{"line":48,"column":0},"end":{"line":48,"column":16}},"48":{"start":{"line":49,"column":0},"end":{"line":49,"column":65}},"49":{"start":{"line":50,"column":0},"end":{"line":50,"column":11}},"50":{"start":{"line":51,"column":0},"end":{"line":51,"column":15}},"51":{"start":{"line":52,"column":0},"end":{"line":52,"column":12}},"52":{"start":{"line":53,"column":0},"end":{"line":53,"column":73}},"53":{"start":{"line":54,"column":0},"end":{"line":54,"column":11}},"54":{"start":{"line":55,"column":0},"end":{"line":55,"column":3}},"56":{"start":{"line":57,"column":0},"end":{"line":57,"column":72}},"58":{"start":{"line":59,"column":0},"end":{"line":59,"column":7}},"59":{"start":{"line":60,"column":0},"end":{"line":60,"column":23}},"60":{"start":{"line":61,"column":0},"end":{"line":61,"column":23}},"61":{"start":{"line":62,"column":0},"end":{"line":62,"column":23}},"62":{"start":{"line":63,"column":0},"end":{"line":63,"column":6}},"63":{"start":{"line":64,"column":0},"end":{"line":64,"column":15}},"64":{"start":{"line":65,"column":0},"end":{"line":65,"column":19}},"65":{"start":{"line":66,"column":0},"end":{"line":66,"column":71}},"66":{"start":{"line":67,"column":0},"end":{"line":67,"column":16}},"67":{"start":{"line":68,"column":0},"end":{"line":68,"column":3}},"68":{"start":{"line":69,"column":0},"end":{"line":69,"column":1}},"70":{"start":{"line":71,"column":0},"end":{"line":71,"column":3}},"71":{"start":{"line":72,"column":0},"end":{"line":72,"column":44}},"72":{"start":{"line":73,"column":0},"end":{"line":73,"column":62}},"73":{"start":{"line":74,"column":0},"end":{"line":74,"column":43}},"74":{"start":{"line":75,"column":0},"end":{"line":75,"column":3}},"75":{"start":{"line":76,"column":0},"end":{"line":76,"column":68}},"76":{"start":{"line":77,"column":0},"end":{"line":77,"column":58}},"78":{"start":{"line":79,"column":0},"end":{"line":79,"column":7}},"79":{"start":{"line":80,"column":0},"end":{"line":80,"column":67}},"80":{"start":{"line":81,"column":0},"end":{"line":81,"column":23}},"81":{"start":{"line":82,"column":0},"end":{"line":82,"column":23}},"82":{"start":{"line":83,"column":0},"end":{"line":83,"column":20}},"83":{"start":{"line":84,"column":0},"end":{"line":84,"column":6}},"85":{"start":{"line":86,"column":0},"end":{"line":86,"column":12}},"86":{"start":{"line":87,"column":0},"end":{"line":87,"column":27}},"87":{"start":{"line":88,"column":0},"end":{"line":88,"column":36}},"88":{"start":{"line":89,"column":0},"end":{"line":89,"column":5}},"89":{"start":{"line":90,"column":0},"end":{"line":90,"column":19}},"90":{"start":{"line":91,"column":0},"end":{"line":91,"column":12}},"91":{"start":{"line":92,"column":0},"end":{"line":92,"column":27}},"92":{"start":{"line":93,"column":0},"end":{"line":93,"column":25}},"93":{"start":{"line":94,"column":0},"end":{"line":94,"column":5}},"94":{"start":{"line":95,"column":0},"end":{"line":95,"column":3}},"95":{"start":{"line":96,"column":0},"end":{"line":96,"column":1}}},"s":{"0":1,"1":1,"2":1,"4":1,"5":1,"6":1,"7":1,"8":1,"9":1,"10":28,"11":28,"12":6,"13":6,"15":28,"16":5,"17":5,"19":28,"20":1,"21":1,"23":16,"24":16,"25":16,"27":1,"28":1,"29":1,"30":1,"31":1,"32":1,"33":1,"34":12,"35":12,"36":12,"37":12,"38":12,"39":12,"41":12,"43":12,"44":12,"45":2,"46":2,"47":12,"48":2,"49":2,"50":12,"51":12,"52":8,"53":8,"54":12,"56":12,"58":12,"59":12,"60":12,"61":12,"62":12,"63":12,"64":12,"65":1,"66":1,"67":1,"68":12,"70":1,"71":1,"72":1,"73":1,"74":1,"75":1,"76":9,"78":9,"79":9,"80":9,"81":9,"82":9,"83":9,"85":9,"86":9,"87":9,"88":9,"89":9,"90":2,"91":2,"92":2,"93":2,"94":2,"95":9},"branchMap":{"0":{"type":"branch","line":10,"loc":{"start":{"line":10,"column":7},"end":{"line":26,"column":1}},"locations":[{"start":{"line":10,"column":7},"end":{"line":26,"column":1}}]},"1":{"type":"branch","line":12,"loc":{"start":{"line":12,"column":63},"end":{"line":14,"column":3}},"locations":[{"start":{"line":12,"column":63},"end":{"line":14,"column":3}}]},"2":{"type":"branch","line":14,"loc":{"start":{"line":14,"column":2},"end":{"line":16,"column":58}},"locations":[{"start":{"line":14,"column":2},"end":{"line":16,"column":58}}]},"3":{"type":"branch","line":16,"loc":{"start":{"line":16,"column":58},"end":{"line":18,"column":3}},"locations":[{"start":{"line":16,"column":58},"end":{"line":18,"column":3}}]},"4":{"type":"branch","line":18,"loc":{"start":{"line":18,"column":2},"end":{"line":20,"column":66}},"locations":[{"start":{"line":18,"column":2},"end":{"line":20,"column":66}}]},"5":{"type":"branch","line":20,"loc":{"start":{"line":20,"column":66},"end":{"line":22,"column":3}},"locations":[{"start":{"line":20,"column":66},"end":{"line":22,"column":3}}]},"6":{"type":"branch","line":22,"loc":{"start":{"line":22,"column":2},"end":{"line":26,"column":1}},"locations":[{"start":{"line":22,"column":2},"end":{"line":26,"column":1}}]},"7":{"type":"branch","line":34,"loc":{"start":{"line":34,"column":7},"end":{"line":69,"column":1}},"locations":[{"start":{"line":34,"column":7},"end":{"line":69,"column":1}}]},"8":{"type":"branch","line":45,"loc":{"start":{"line":45,"column":4},"end":{"line":47,"column":11}},"locations":[{"start":{"line":45,"column":4},"end":{"line":47,"column":11}}]},"9":{"type":"branch","line":46,"loc":{"start":{"line":46,"column":48},"end":{"line":46,"column":63}},"locations":[{"start":{"line":46,"column":48},"end":{"line":46,"column":63}}]},"10":{"type":"branch","line":46,"loc":{"start":{"line":46,"column":64},"end":{"line":46,"column":68}},"locations":[{"start":{"line":46,"column":64},"end":{"line":46,"column":68}}]},"11":{"type":"branch","line":48,"loc":{"start":{"line":48,"column":4},"end":{"line":50,"column":11}},"locations":[{"start":{"line":48,"column":4},"end":{"line":50,"column":11}}]},"12":{"type":"branch","line":49,"loc":{"start":{"line":49,"column":48},"end":{"line":49,"column":58}},"locations":[{"start":{"line":49,"column":48},"end":{"line":49,"column":58}}]},"13":{"type":"branch","line":49,"loc":{"start":{"line":49,"column":59},"end":{"line":49,"column":63}},"locations":[{"start":{"line":49,"column":59},"end":{"line":49,"column":63}}]},"14":{"type":"branch","line":51,"loc":{"start":{"line":51,"column":4},"end":{"line":51,"column":15}},"locations":[{"start":{"line":51,"column":4},"end":{"line":51,"column":15}}]},"15":{"type":"branch","line":52,"loc":{"start":{"line":52,"column":4},"end":{"line":54,"column":11}},"locations":[{"start":{"line":52,"column":4},"end":{"line":54,"column":11}}]},"16":{"type":"branch","line":53,"loc":{"start":{"line":53,"column":51},"end":{"line":53,"column":66}},"locations":[{"start":{"line":53,"column":51},"end":{"line":53,"column":66}}]},"17":{"type":"branch","line":53,"loc":{"start":{"line":53,"column":67},"end":{"line":53,"column":71}},"locations":[{"start":{"line":53,"column":67},"end":{"line":53,"column":71}}]},"18":{"type":"branch","line":65,"loc":{"start":{"line":65,"column":4},"end":{"line":68,"column":3}},"locations":[{"start":{"line":65,"column":4},"end":{"line":68,"column":3}}]},"19":{"type":"branch","line":76,"loc":{"start":{"line":76,"column":7},"end":{"line":96,"column":1}},"locations":[{"start":{"line":76,"column":7},"end":{"line":96,"column":1}}]},"20":{"type":"branch","line":90,"loc":{"start":{"line":90,"column":4},"end":{"line":95,"column":3}},"locations":[{"start":{"line":90,"column":4},"end":{"line":95,"column":3}}]}},"b":{"0":[28],"1":[6],"2":[22],"3":[5],"4":[17],"5":[1],"6":[16],"7":[12],"8":[2],"9":[1],"10":[1],"11":[2],"12":[1],"13":[1],"14":[8],"15":[8],"16":[1],"17":[7],"18":[1],"19":[9],"20":[2]},"fnMap":{"0":{"name":"detectPackageManager","decl":{"start":{"line":10,"column":7},"end":{"line":26,"column":1}},"loc":{"start":{"line":10,"column":7},"end":{"line":26,"column":1}},"line":10},"1":{"name":"installPackage","decl":{"start":{"line":34,"column":7},"end":{"line":69,"column":1}},"loc":{"start":{"line":34,"column":7},"end":{"line":69,"column":1}},"line":34},"2":{"name":"getPackageManagerInfo","decl":{"start":{"line":76,"column":7},"end":{"line":96,"column":1}},"loc":{"start":{"line":76,"column":7},"end":{"line":96,"column":1}},"line":76}},"f":{"0":28,"1":12,"2":9}}
}
